#
# A fatal error has been detected by the Java Runtime Environment:
#
#  EXCEPTION_ACCESS_VIOLATION (0xc0000005) at pc=0x00007ff9bbdbb466, pid=13284, tid=6268
#
# JRE version: OpenJDK Runtime Environment (21.0.8) (build 21.0.8+-14018985-b1038.68)
# Java VM: OpenJDK 64-Bit Server VM (21.0.8+-14018985-b1038.68, mixed mode, tiered, compressed oops, compressed class ptrs, g1 gc, windows-amd64)
# Problematic frame:
# V  [jvm.dll+0x13b466]
#
# No core dump will be written. Minidumps are not enabled by default on client versions of Windows
#
# If you would like to submit a bug report, please visit:
#   https://youtrack.jetbrains.com/issues/JBR
#

---------------  S U M M A R Y ------------

Command Line: --add-opens=java.base/java.lang=ALL-UNNAMED --add-opens=java.base/java.lang.invoke=ALL-UNNAMED --add-opens=java.base/java.util=ALL-UNNAMED --add-opens=java.prefs/java.util.prefs=ALL-UNNAMED --add-exports=jdk.compiler/com.sun.tools.javac.api=ALL-UNNAMED --add-exports=jdk.compiler/com.sun.tools.javac.util=ALL-UNNAMED --add-opens=java.base/java.util=ALL-UNNAMED --add-opens=java.prefs/java.util.prefs=ALL-UNNAMED --add-opens=java.base/java.nio.charset=ALL-UNNAMED --add-opens=java.base/java.net=ALL-UNNAMED --add-opens=java.base/java.util.concurrent.atomic=ALL-UNNAMED --add-opens=java.xml/javax.xml.namespace=ALL-UNNAMED -Xmx2048m -Dfile.encoding=UTF-8 -Duser.country=US -Duser.language=en -Duser.variant -javaagent:C:\Users\dell\.gradle\wrapper\dists\gradle-8.13-bin\5xuhj0ry160q40clulazy9h7d\gradle-8.13\lib\agents\gradle-instrumentation-agent-8.13.jar org.gradle.launcher.daemon.bootstrap.GradleDaemon 8.13

Host: Intel(R) Core(TM) i5-8250U CPU @ 1.60GHz, 8 cores, 7G,  Windows 11 , 64 bit Build 22621 (10.0.22621.5415)
Time: Mon Dec 15 18:53:32 2025 Nepal Standard Time elapsed time: 10.169519 seconds (0d 0h 0m 10s)

---------------  T H R E A D  ---------------

Current thread (0x000002a1433b2800):  WorkerThread "GC Thread#0"    [id=6268, stack(0x000000d2bd200000,0x000000d2bd300000) (1024K)]

Stack: [0x000000d2bd200000,0x000000d2bd300000],  sp=0x000000d2bd2ff858,  free space=1022k
Native frames: (J=compiled Java code, j=interpreted, Vv=VM code, C=native code)
V  [jvm.dll+0x13b466]


siginfo: EXCEPTION_ACCESS_VIOLATION (0xc0000005), reading address 0x000000040fab5f88


Registers:
RAX=0x0000000000000000, RBX=0x0000000000000001, RCX=0x00000000864b3718, RDX=0x00000000864b3718
RSP=0x000000d2bd2ff858, RBP=0x0000000000000179, RSI=0x000002a143375770, RDI=0x8213a69081f56bf0
R8 =0x000000040fab5f80, R9 =0x8213a69081f56bf0, R10=0x00000000864b3718, R11=0x0000000000000001
R12=0x000000000000000a, R13=0x000000040fab5f80, R14=0x00000000864b3718, R15=0x000002a160ad3e40
RIP=0x00007ff9bbdbb466, EFLAGS=0x0000000000010202

XMM[0]=0x00000016200020d4 0x0000000000000001
XMM[1]=0x864a3588864a3538 0x864a34e8864a3498
XMM[2]=0x1a1710124a164809 0x30021a1610063209
XMM[3]=0x100c320b300f3002 0x120412081a1a101a
XMM[4]=0x1a04100e52000a02 0x06a2048258033002
XMM[5]=0x864a3628864a35d8 0x864a3588864a3538
XMM[6]=0x0000000000000000 0x0000000000000000
XMM[7]=0x0000000000000000 0x0000000000000000
XMM[8]=0x0000000000000000 0x0000000000000000
XMM[9]=0x0000000000000000 0x0000000000000000
XMM[10]=0x0000000000000000 0x0000000000000000
XMM[11]=0x0000000000000000 0x0000000000000000
XMM[12]=0x0000000000000000 0x0000000000000000
XMM[13]=0x0000000000000000 0x0000000000000000
XMM[14]=0x0000000000000000 0x0000000000000000
XMM[15]=0x0000000000000000 0x0000000000000000
  MXCSR=0x00001fa0


Register to memory mapping:

RAX=0x0 is null
RBX=0x0000000000000001 is an unknown value
RCX=
[error occurred during error reporting (printing register info), id 0xc0000005, EXCEPTION_ACCESS_VIOLATION (0xc0000005) at pc=0x00007ff9bbdbb466]
RDX=
[error occurred during error reporting (printing register info, attempt 2), id 0xc0000005, EXCEPTION_ACCESS_VIOLATION (0xc0000005) at pc=0x00007ff9bbdbb466]
RSP=0x000000d2bd2ff858 points into unknown readable memory: 0x00007ff9bbfda7bb | bb a7 fd bb f9 7f 00 00
RBP=0x0000000000000179 is an unknown value
RSI=0x000002a143375770 points into unknown readable memory: 0x0000000000000000 | 00 00 00 00 00 00 00 00
RDI=0x8213a69081f56bf0 is an unknown value
R8 =0x000000040fab5f80 is an unknown value
R9 =0x8213a69081f56bf0 is an unknown value
R10=
[error occurred during error reporting (printing register info, attempt 3), id 0xc0000005, EXCEPTION_ACCESS_VIOLATION (0xc0000005) at pc=0x00007ff9bbdbb466]
Top of Stack: (sp=0x000000d2bd2ff858)
0x000000d2bd2ff858:   00007ff9bbfda7bb 0000000000000001
0x000000d2bd2ff868:   0000000000000001 0000000082612b60
0x000000d2bd2ff878:   000002a155be4e3a 0000000080cc251c
0x000000d2bd2ff888:   00007ff9bbfd8b29 000002a15a8854f0
0x000000d2bd2ff898:   00007ff9bbfd8bc1 0000000000004e3a
0x000000d2bd2ff8a8:   000000d2bd2ff9d0 000002a160ad3fc8
0x000000d2bd2ff8b8:   0000000000000000 0000000000000040
0x000000d2bd2ff8c8:   000002a14336d4f0 000000000000000a
0x000000d2bd2ff8d8:   0000000082612828 000002a143375770
0x000000d2bd2ff8e8:   0000000000000179 000002a160ad3e40
0x000000d2bd2ff8f8:   00007ff9bbfdba2a 000002a160ad0000
0x000000d2bd2ff908:   0000000000000001 000002a100000000
0x000000d2bd2ff918:   0000000000000001 0000000080d1e800
0x000000d2bd2ff928:   0000000000000280 000000d2bd2ffb20
0x000000d2bd2ff938:   000000000000000d 0000000080d1fc38
0x000000d2bd2ff948:   00007ff9bbfd80ee 000000d2bd2ff9d0
0x000000d2bd2ff958:   000002a160ad3e40 0000000080d0d000
0x000000d2bd2ff968:   0000000000000100 00000000060937fc
0x000000d2bd2ff978:   00000004363e77ed 000000000000000a
0x000000d2bd2ff988:   000000d2bd2ffb20 000002a1433f2a90
0x000000d2bd2ff998:   00007ff9bbfe513c 0000000000000280
0x000000d2bd2ff9a8:   000002a1433f2a90 000000d2bd2ffb20
0x000000d2bd2ff9b8:   00007ff9bc34f26f 0000000080d1e800
0x000000d2bd2ff9c8:   0000000000000280 00007ff9bc5f9ad8
0x000000d2bd2ff9d8:   0000000000000000 000002a14336d930
0x000000d2bd2ff9e8:   000002a160ad3e40 000000d2bd2ffb70
0x000000d2bd2ff9f8:   00007ff9bc499d17 000000000000000d
0x000000d2bd2ffa08:   000002a14336c270 000002a155be6900
0x000000d2bd2ffa18:   00007ff9bbfe6ea9 000000d2bd2ffb20
0x000000d2bd2ffa28:   0000000000000003 000002a155be68fe
0x000000d2bd2ffa38:   000002a143361d70 0000000000000003
0x000000d2bd2ffa48:   0000000000000005 000002a14336d370 

Instructions: (pc=0x00007ff9bbdbb466)
0x00007ff9bbdbb366:   4c 63 c0 41 8b c1 48 c1 f8 10 48 63 14 19 41 8b
0x00007ff9bbdbb376:   c9 83 e1 3f 48 d3 e2 0f b6 c8 49 8d 04 10 49 f7
0x00007ff9bbdbb386:   d0 48 03 c8 49 c1 e8 03 48 c1 e9 03 49 23 c8 eb
0x00007ff9bbdbb396:   12 49 8b 00 48 8b d3 49 8b c8 ff 90 00 01 00 00
0x00007ff9bbdbb3a6:   48 8b c8 48 89 1f 48 8b c7 48 8b 5c 24 30 48 89
0x00007ff9bbdbb3b6:   4f 08 48 83 c4 20 5f c3 cc cc 0f b6 05 d1 1e a0
0x00007ff9bbdbb3c6:   00 48 8b d1 84 c0 74 16 44 8b 41 08 8b 0d c0 0b
0x00007ff9bbdbb3d6:   a0 00 49 d3 e0 4c 03 05 ae 0b a0 00 eb 04 4c 8b
0x00007ff9bbdbb3e6:   41 08 45 8b 48 08 45 85 c9 7e 0e 41 f6 c1 01 75
0x00007ff9bbdbb3f6:   53 41 c1 f9 03 49 63 c1 c3 79 49 84 c0 41 b8 0c
0x00007ff9bbdbb406:   00 00 00 8b 05 79 1c a0 00 b9 10 00 00 00 41 0f
0x00007ff9bbdbb416:   45 c8 ff c8 4c 63 c0 41 8b c1 48 c1 f8 10 0f b6
0x00007ff9bbdbb426:   c0 48 63 14 11 41 8b c9 83 e1 3f 48 d3 e2 49 8d
0x00007ff9bbdbb436:   0c 10 49 f7 d0 48 03 c1 49 c1 e8 03 48 c1 e8 03
0x00007ff9bbdbb446:   49 23 c0 c3 49 8b 00 49 8b c8 48 ff a0 00 01 00
0x00007ff9bbdbb456:   00 cc cc cc cc cc cc cc cc cc 4c 8b c2 48 8b d1
0x00007ff9bbdbb466:   45 8b 48 08 45 85 c9 7e 0e 41 f6 c1 01 75 56 41
0x00007ff9bbdbb476:   c1 f9 03 49 63 c1 c3 79 4c 80 3d 12 1e a0 00 00
0x00007ff9bbdbb486:   b8 0c 00 00 00 b9 10 00 00 00 0f 45 c8 8b 05 ef
0x00007ff9bbdbb496:   1b a0 00 ff c8 4c 63 c0 41 8b c1 48 c1 f8 10 48
0x00007ff9bbdbb4a6:   63 14 11 41 8b c9 83 e1 3f 0f b6 c0 48 d3 e2 49
0x00007ff9bbdbb4b6:   8d 0c 10 49 f7 d0 48 03 c1 49 c1 e8 03 48 c1 e8
0x00007ff9bbdbb4c6:   03 49 23 c0 c3 49 8b 00 49 8b c8 48 ff a0 00 01
0x00007ff9bbdbb4d6:   00 00 cc cc cc cc cc cc cc cc 40 53 48 83 ec 20
0x00007ff9bbdbb4e6:   48 8b d9 49 8b c0 33 c9 45 0f b6 c1 48 89 0b 48
0x00007ff9bbdbb4f6:   89 4b 08 48 8b cb 48 89 53 10 48 8b d0 e8 28 09
0x00007ff9bbdbb506:   00 00 48 8b c3 48 83 c4 20 5b c3 cc cc cc cc cc
0x00007ff9bbdbb516:   cc cc cc cc cc cc cc cc cc cc 40 53 48 83 ec 20
0x00007ff9bbdbb526:   33 c0 44 88 41 10 45 0f b6 c1 48 89 01 48 89 41
0x00007ff9bbdbb536:   08 48 8b d9 e8 01 0a 00 00 48 8b c3 48 83 c4 20
0x00007ff9bbdbb546:   5b c3 cc cc cc cc cc cc cc cc 40 53 48 83 ec 20
0x00007ff9bbdbb556:   33 c0 48 8b d9 48 89 01 48 89 41 08 e8 99 0b 00 


Stack slot to memory mapping:

stack at sp + 0 slots: 0x00007ff9bbfda7bb jvm.dll
stack at sp + 1 slots: 0x0000000000000001 is an unknown value
stack at sp + 2 slots: 0x0000000000000001 is an unknown value
stack at sp + 3 slots: 0x0000000082612b60 is an oop: [Ljava.lang.Object; 
{0x0000000082612b60} - klass: 'java/lang/Object'[]
 - length: 1
stack at sp + 4 slots: 0x000002a155be4e3a points into unknown readable memory: ff ff ff ff ff ff
stack at sp + 5 slots: 0x0000000080cc251c is pointing into object: [Ljava.lang.Object; 
{0x0000000080cc23b8} - klass: 'java/lang/Object'[]
 - length: 109
stack at sp + 6 slots: 0x00007ff9bbfd8b29 jvm.dll
stack at sp + 7 slots: 0x000002a15a8854f0 points into unknown readable memory: 0x0000000086400000 | 00 00 40 86 00 00 00 00


---------------  P R O C E S S  ---------------

Threads class SMR info:
_java_thread_list=0x000002a16155a890, length=29, elements={
0x000002a14335acf0, 0x000002a15abedcd0, 0x000002a15ac13a10, 0x000002a15ac14540,
0x000002a15ac15100, 0x000002a15abfee10, 0x000002a15abff870, 0x000002a15ac002d0,
0x000002a15ac01060, 0x000002a15ac01b00, 0x000002a15af8e1e0, 0x000002a160979c70,
0x000002a160a1a7c0, 0x000002a160a19ca0, 0x000002a15fc996a0, 0x000002a15f348ed0,
0x000002a15f130770, 0x000002a15f2854c0, 0x000002a15f2861e0, 0x000002a15f2847a0,
0x000002a15f286870, 0x000002a15f284e30, 0x000002a15f286f00, 0x000002a15f287590,
0x000002a161798920, 0x000002a15f287c20, 0x000002a163522b50, 0x000002a163521e30,
0x000002a163526660
}

Java Threads: ( => current thread )
  0x000002a14335acf0 JavaThread "main"                              [_thread_blocked, id=13972, stack(0x000000d2bd100000,0x000000d2bd200000) (1024K)]
  0x000002a15abedcd0 JavaThread "Common-Cleaner"             daemon [_thread_blocked, id=6476, stack(0x000000d2bd900000,0x000000d2bda00000) (1024K)]
  0x000002a15ac13a10 JavaThread "Reference Handler"          daemon [_thread_blocked, id=12732, stack(0x000000d2bda00000,0x000000d2bdb00000) (1024K)]
  0x000002a15ac14540 JavaThread "Finalizer"                  daemon [_thread_blocked, id=14104, stack(0x000000d2bdb00000,0x000000d2bdc00000) (1024K)]
  0x000002a15ac15100 JavaThread "Signal Dispatcher"          daemon [_thread_blocked, id=11688, stack(0x000000d2bdc00000,0x000000d2bdd00000) (1024K)]
  0x000002a15abfee10 JavaThread "Attach Listener"            daemon [_thread_blocked, id=15160, stack(0x000000d2bdd00000,0x000000d2bde00000) (1024K)]
  0x000002a15abff870 JavaThread "Service Thread"             daemon [_thread_blocked, id=10840, stack(0x000000d2bde00000,0x000000d2bdf00000) (1024K)]
  0x000002a15ac002d0 JavaThread "Monitor Deflation Thread"   daemon [_thread_blocked, id=9124, stack(0x000000d2bdf00000,0x000000d2be000000) (1024K)]
  0x000002a15ac01060 JavaThread "C2 CompilerThread0"         daemon [_thread_blocked, id=344, stack(0x000000d2be000000,0x000000d2be100000) (1024K)]
  0x000002a15ac01b00 JavaThread "C1 CompilerThread0"         daemon [_thread_blocked, id=14056, stack(0x000000d2be100000,0x000000d2be200000) (1024K)]
  0x000002a15af8e1e0 JavaThread "Notification Thread"        daemon [_thread_blocked, id=13696, stack(0x000000d2be200000,0x000000d2be300000) (1024K)]
  0x000002a160979c70 JavaThread "Daemon health stats"               [_thread_blocked, id=16132, stack(0x000000d2be800000,0x000000d2be900000) (1024K)]
  0x000002a160a1a7c0 JavaThread "Incoming local TCP Connector on port 51165"        [_thread_in_native, id=14100, stack(0x000000d2be900000,0x000000d2bea00000) (1024K)]
  0x000002a160a19ca0 JavaThread "Daemon periodic checks"            [_thread_blocked, id=496, stack(0x000000d2bea00000,0x000000d2beb00000) (1024K)]
  0x000002a15fc996a0 JavaThread "Daemon"                            [_thread_blocked, id=15456, stack(0x000000d2beb00000,0x000000d2bec00000) (1024K)]
  0x000002a15f348ed0 JavaThread "Handler for socket connection from /127.0.0.1:51165 to /127.0.0.1:59363"        [_thread_in_native, id=14696, stack(0x000000d2bec00000,0x000000d2bed00000) (1024K)]
  0x000002a15f130770 JavaThread "Cancel handler"                    [_thread_blocked, id=4532, stack(0x000000d2bed00000,0x000000d2bee00000) (1024K)]
  0x000002a15f2854c0 JavaThread "Daemon worker"                     [_thread_blocked, id=10260, stack(0x000000d2bee00000,0x000000d2bef00000) (1024K)]
  0x000002a15f2861e0 JavaThread "Asynchronous log dispatcher for DefaultDaemonConnection: socket connection from /127.0.0.1:51165 to /127.0.0.1:59363"        [_thread_blocked, id=4212, stack(0x000000d2bef00000,0x000000d2bf000000) (1024K)]
  0x000002a15f2847a0 JavaThread "Stdin handler"                     [_thread_blocked, id=15892, stack(0x000000d2bf000000,0x000000d2bf100000) (1024K)]
  0x000002a15f286870 JavaThread "Daemon client event forwarder"        [_thread_blocked, id=7816, stack(0x000000d2bf100000,0x000000d2bf200000) (1024K)]
  0x000002a15f284e30 JavaThread "Cache worker for journal cache (C:\Users\dell\.gradle\caches\journal-1)"        [_thread_blocked, id=15596, stack(0x000000d2bf500000,0x000000d2bf600000) (1024K)]
  0x000002a15f286f00 JavaThread "File lock request listener"        [_thread_in_native, id=18108, stack(0x000000d2bf600000,0x000000d2bf700000) (1024K)]
  0x000002a15f287590 JavaThread "Cache worker for file hash cache (C:\Users\dell\.gradle\caches\8.13\fileHashes)"        [_thread_blocked, id=16000, stack(0x000000d2bf700000,0x000000d2bf800000) (1024K)]
  0x000002a161798920 JavaThread "C2 CompilerThread1"         daemon [_thread_blocked, id=15580, stack(0x000000d2bf800000,0x000000d2bf900000) (1024K)]
  0x000002a15f287c20 JavaThread "Cache worker for file hash cache (C:\Users\dell\AndroidStudioProjects\Project\.gradle\8.13\fileHashes)"        [_thread_blocked, id=7408, stack(0x000000d2bf900000,0x000000d2bfa00000) (1024K)]
  0x000002a163522b50 JavaThread "Cache worker for Build Output Cleanup Cache (C:\Users\dell\AndroidStudioProjects\Project\.gradle\buildOutputCleanup)"        [_thread_blocked, id=13976, stack(0x000000d2bfa00000,0x000000d2bfb00000) (1024K)]
  0x000002a163521e30 JavaThread "File watcher server"        daemon [_thread_in_native, id=5584, stack(0x000000d2bfb00000,0x000000d2bfc00000) (1024K)]
  0x000002a163526660 JavaThread "File watcher consumer"      daemon [_thread_blocked, id=15816, stack(0x000000d2bfc00000,0x000000d2bfd00000) (1024K)]
Total: 29

Other Threads:
  0x000002a15aa3cf30 VMThread "VM Thread"                           [id=16836, stack(0x000000d2bd800000,0x000000d2bd900000) (1024K)]
  0x000002a15a9dba70 WatcherThread "VM Periodic Task Thread"        [id=4804, stack(0x000000d2bd700000,0x000000d2bd800000) (1024K)]
=>0x000002a1433b2800 WorkerThread "GC Thread#0"                     [id=6268, stack(0x000000d2bd200000,0x000000d2bd300000) (1024K)]
  0x000002a15f4135d0 WorkerThread "GC Thread#1"                     [id=17764, stack(0x000000d2be400000,0x000000d2be500000) (1024K)]
  0x000002a15f176cf0 WorkerThread "GC Thread#2"                     [id=5416, stack(0x000000d2be500000,0x000000d2be600000) (1024K)]
  0x000002a15f47c3d0 WorkerThread "GC Thread#3"                     [id=18096, stack(0x000000d2be600000,0x000000d2be700000) (1024K)]
  0x000002a15fd6a090 WorkerThread "GC Thread#4"                     [id=1680, stack(0x000000d2be700000,0x000000d2be800000) (1024K)]
  0x000002a1607a3f00 WorkerThread "GC Thread#5"                     [id=7344, stack(0x000000d2be300000,0x000000d2be400000) (1024K)]
  0x000002a1601cbb90 WorkerThread "GC Thread#6"                     [id=15396, stack(0x000000d2bf200000,0x000000d2bf300000) (1024K)]
  0x000002a15f441270 WorkerThread "GC Thread#7"                     [id=14308, stack(0x000000d2bf300000,0x000000d2bf400000) (1024K)]
  0x000002a1433c3950 ConcurrentGCThread "G1 Main Marker"            [id=16060, stack(0x000000d2bd300000,0x000000d2bd400000) (1024K)]
  0x000002a1433c4450 WorkerThread "G1 Conc#0"                       [id=14152, stack(0x000000d2bd400000,0x000000d2bd500000) (1024K)]
  0x000002a1601ca7e0 WorkerThread "G1 Conc#1"                       [id=8960, stack(0x000000d2bf400000,0x000000d2bf500000) (1024K)]
  0x000002a14341ea30 ConcurrentGCThread "G1 Refine#0"               [id=17800, stack(0x000000d2bd500000,0x000000d2bd600000) (1024K)]
  0x000002a15a8a17b0 ConcurrentGCThread "G1 Service"                [id=16872, stack(0x000000d2bd600000,0x000000d2bd700000) (1024K)]
Total: 15

Threads with active compile tasks:
C2 CompilerThread0  10268 3321       4       java.util.Collections$SetFromMap::add (22 bytes)
Total: 1

VM state: at safepoint (normal execution)

VM Mutex/Monitor currently owned by a thread:  ([mutex/lock_event])
[0x00007ff9bc8385b8] Threads_lock - owner thread: 0x000002a15aa3cf30
[0x00007ff9bc8386b8] Heap_lock - owner thread: 0x000002a15f2854c0

Heap address: 0x0000000080000000, size: 2048 MB, Compressed Oops mode: 32-bit

CDS archive(s) not mapped
Compressed class space mapped at: 0x0000000100000000-0x0000000140000000, reserved size: 1073741824
Narrow klass base: 0x0000000000000000, Narrow klass shift: 3, Narrow klass range: 0x140000000

GC Precious Log:
 CardTable entry size: 512
 Card Set container configuration: InlinePtr #cards 5 size 8 Array Of Cards #cards 12 size 40 Howl #buckets 4 coarsen threshold 1843 Howl Bitmap #cards 512 size 80 coarsen threshold 460 Card regions per heap region 1 cards per card region 2048
 CPUs: 8 total, 8 available
 Memory: 8069M
 Large Page Support: Disabled
 NUMA Support: Disabled
 Compressed Oops: Enabled (32-bit)
 Heap Region Size: 1M
 Heap Min Capacity: 8M
 Heap Initial Capacity: 128M
 Heap Max Capacity: 2G
 Pre-touch: Disabled
 Parallel Workers: 8
 Concurrent Workers: 2
 Concurrent Refinement Workers: 8
 Periodic GC: Disabled

Heap:
 garbage-first heap   total 68608K, used 51617K [0x0000000080000000, 0x0000000100000000)
  region size 1024K, 32 young (32768K), 5 survivors (5120K)
 Metaspace       used 35206K, committed 35968K, reserved 1114112K
  class space    used 4881K, committed 5248K, reserved 1048576K

Heap Regions: E=young(eden), S=young(survivor), O=old, HS=humongous(starts), HC=humongous(continues), CS=collection set, F=free, TAMS=top-at-mark-start, PB=parsable bottom
|   0|0x0000000080000000, 0x0000000080100000, 0x0000000080100000|100%|HS|  |TAMS 0x0000000080100000| PB 0x0000000080000000| Complete 
|   1|0x0000000080100000, 0x0000000080200000, 0x0000000080200000|100%|HC|  |TAMS 0x0000000080200000| PB 0x0000000080100000| Complete 
|   2|0x0000000080200000, 0x0000000080300000, 0x0000000080300000|100%|HC|  |TAMS 0x0000000080300000| PB 0x0000000080200000| Complete 
|   3|0x0000000080300000, 0x0000000080400000, 0x0000000080400000|100%| O|  |TAMS 0x0000000080400000| PB 0x0000000080300000| Untracked 
|   4|0x0000000080400000, 0x0000000080500000, 0x0000000080500000|100%| O|  |TAMS 0x0000000080500000| PB 0x0000000080400000| Untracked 
|   5|0x0000000080500000, 0x0000000080600000, 0x0000000080600000|100%| O|  |TAMS 0x0000000080600000| PB 0x0000000080500000| Untracked 
|   6|0x0000000080600000, 0x0000000080700000, 0x0000000080700000|100%|HS|  |TAMS 0x0000000080700000| PB 0x0000000080600000| Complete 
|   7|0x0000000080700000, 0x0000000080800000, 0x0000000080800000|100%| O|  |TAMS 0x0000000080800000| PB 0x0000000080700000| Untracked 
|   8|0x0000000080800000, 0x0000000080900000, 0x0000000080900000|100%| O|  |TAMS 0x0000000080900000| PB 0x0000000080800000| Untracked 
|   9|0x0000000080900000, 0x0000000080a00000, 0x0000000080a00000|100%| O|  |TAMS 0x0000000080a00000| PB 0x0000000080900000| Untracked 
|  10|0x0000000080a00000, 0x0000000080b00000, 0x0000000080b00000|100%| O|  |TAMS 0x0000000080b00000| PB 0x0000000080a00000| Untracked 
|  11|0x0000000080b00000, 0x0000000080c00000, 0x0000000080c00000|100%| O|  |TAMS 0x0000000080c00000| PB 0x0000000080b00000| Untracked 
|  12|0x0000000080c00000, 0x0000000080d00000, 0x0000000080d00000|100%| O|  |TAMS 0x0000000080c00000| PB 0x0000000080c00000| Untracked 
|  13|0x0000000080d00000, 0x0000000080e00000, 0x0000000080e00000|100%| O|  |TAMS 0x0000000080e00000| PB 0x0000000080d00000| Untracked 
|  14|0x0000000080e00000, 0x0000000080f00000, 0x0000000080f00000|100%| O|  |TAMS 0x0000000080f00000| PB 0x0000000080e00000| Untracked 
|  15|0x0000000080f00000, 0x0000000081000000, 0x0000000081000000|100%| O|  |TAMS 0x0000000081000000| PB 0x0000000080f00000| Untracked 
|  16|0x0000000081000000, 0x0000000081100000, 0x0000000081100000|100%| O|  |TAMS 0x0000000081100000| PB 0x0000000081000000| Untracked 
|  17|0x0000000081100000, 0x0000000081200000, 0x0000000081200000|100%| O|  |TAMS 0x0000000081200000| PB 0x0000000081100000| Untracked 
|  18|0x0000000081200000, 0x0000000081300000, 0x0000000081300000|100%| O|  |TAMS 0x0000000081300000| PB 0x0000000081200000| Untracked 
|  19|0x0000000081300000, 0x0000000081400000, 0x0000000081400000|100%| O|  |TAMS 0x0000000081400000| PB 0x0000000081300000| Untracked 
|  20|0x0000000081400000, 0x0000000081500000, 0x0000000081500000|100%| O|  |TAMS 0x00000000814f7808| PB 0x0000000081400000| Untracked 
|  21|0x0000000081500000, 0x0000000081594ac0, 0x0000000081600000| 58%| O|  |TAMS 0x0000000081500000| PB 0x0000000081500000| Untracked 
|  22|0x0000000081600000, 0x0000000081600000, 0x0000000081700000|  0%| F|  |TAMS 0x0000000081600000| PB 0x0000000081600000| Untracked 
|  23|0x0000000081700000, 0x0000000081700000, 0x0000000081800000|  0%| F|  |TAMS 0x0000000081700000| PB 0x0000000081700000| Untracked 
|  24|0x0000000081800000, 0x0000000081800000, 0x0000000081900000|  0%| F|  |TAMS 0x0000000081800000| PB 0x0000000081800000| Untracked 
|  25|0x0000000081900000, 0x0000000081900000, 0x0000000081a00000|  0%| F|  |TAMS 0x0000000081900000| PB 0x0000000081900000| Untracked 
|  26|0x0000000081a00000, 0x0000000081a00000, 0x0000000081b00000|  0%| F|  |TAMS 0x0000000081a00000| PB 0x0000000081a00000| Untracked 
|  27|0x0000000081b00000, 0x0000000081b00000, 0x0000000081c00000|  0%| F|  |TAMS 0x0000000081b00000| PB 0x0000000081b00000| Untracked 
|  28|0x0000000081c00000, 0x0000000081c00000, 0x0000000081d00000|  0%| F|  |TAMS 0x0000000081c00000| PB 0x0000000081c00000| Untracked 
|  29|0x0000000081d00000, 0x0000000081d00000, 0x0000000081e00000|  0%| F|  |TAMS 0x0000000081d00000| PB 0x0000000081d00000| Untracked 
|  30|0x0000000081e00000, 0x0000000081e00000, 0x0000000081f00000|  0%| F|  |TAMS 0x0000000081e00000| PB 0x0000000081e00000| Untracked 
|  31|0x0000000081f00000, 0x0000000081ffcd10, 0x0000000082000000| 98%| E|CS|TAMS 0x0000000081f00000| PB 0x0000000081f00000| Complete 
|  32|0x0000000082000000, 0x0000000082100000, 0x0000000082100000|100%| E|CS|TAMS 0x0000000082000000| PB 0x0000000082000000| Complete 
|  33|0x0000000082100000, 0x0000000082200000, 0x0000000082200000|100%| E|CS|TAMS 0x0000000082100000| PB 0x0000000082100000| Complete 
|  34|0x0000000082200000, 0x0000000082300000, 0x0000000082300000|100%| E|CS|TAMS 0x0000000082200000| PB 0x0000000082200000| Complete 
|  35|0x0000000082300000, 0x000000008233f9d8, 0x0000000082400000| 24%| S|  |TAMS 0x0000000082300000| PB 0x0000000082300000| Complete 
|  36|0x0000000082400000, 0x0000000082500000, 0x0000000082500000|100%| S|  |TAMS 0x0000000082400000| PB 0x0000000082400000| Complete 
|  37|0x0000000082500000, 0x0000000082600000, 0x0000000082600000|100%| S|  |TAMS 0x0000000082500000| PB 0x0000000082500000| Complete 
|  38|0x0000000082600000, 0x0000000082700000, 0x0000000082700000|100%| S|  |TAMS 0x0000000082600000| PB 0x0000000082600000| Complete 
|  39|0x0000000082700000, 0x0000000082800000, 0x0000000082800000|100%| S|  |TAMS 0x0000000082700000| PB 0x0000000082700000| Complete 
|  40|0x0000000082800000, 0x0000000082874190, 0x0000000082900000| 45%| E|CS|TAMS 0x0000000082800000| PB 0x0000000082800000| Complete 
|  41|0x0000000082900000, 0x0000000082a00000, 0x0000000082a00000|100%| E|CS|TAMS 0x0000000082900000| PB 0x0000000082900000| Complete 
|  42|0x0000000082a00000, 0x0000000082b00000, 0x0000000082b00000|100%| E|CS|TAMS 0x0000000082a00000| PB 0x0000000082a00000| Complete 
|  43|0x0000000082b00000, 0x0000000082c00000, 0x0000000082c00000|100%| E|CS|TAMS 0x0000000082b00000| PB 0x0000000082b00000| Complete 
|  44|0x0000000082c00000, 0x0000000082d00000, 0x0000000082d00000|100%| E|CS|TAMS 0x0000000082c00000| PB 0x0000000082c00000| Complete 
|  45|0x0000000082d00000, 0x0000000082e00000, 0x0000000082e00000|100%| E|CS|TAMS 0x0000000082d00000| PB 0x0000000082d00000| Complete 
|  46|0x0000000082e00000, 0x0000000082f00000, 0x0000000082f00000|100%| E|CS|TAMS 0x0000000082e00000| PB 0x0000000082e00000| Complete 
|  47|0x0000000082f00000, 0x0000000083000000, 0x0000000083000000|100%| E|CS|TAMS 0x0000000082f00000| PB 0x0000000082f00000| Complete 
|  48|0x0000000083000000, 0x0000000083100000, 0x0000000083100000|100%| E|CS|TAMS 0x0000000083000000| PB 0x0000000083000000| Complete 
|  49|0x0000000083100000, 0x0000000083200000, 0x0000000083200000|100%| E|CS|TAMS 0x0000000083100000| PB 0x0000000083100000| Complete 
|  50|0x0000000083200000, 0x0000000083300000, 0x0000000083300000|100%| E|CS|TAMS 0x0000000083200000| PB 0x0000000083200000| Complete 
|  51|0x0000000083300000, 0x0000000083400000, 0x0000000083400000|100%| E|CS|TAMS 0x0000000083300000| PB 0x0000000083300000| Complete 
|  52|0x0000000083400000, 0x0000000083500000, 0x0000000083500000|100%| E|CS|TAMS 0x0000000083400000| PB 0x0000000083400000| Complete 
|  53|0x0000000083500000, 0x0000000083600000, 0x0000000083600000|100%| E|CS|TAMS 0x0000000083500000| PB 0x0000000083500000| Complete 
|  54|0x0000000083600000, 0x0000000083700000, 0x0000000083700000|100%| E|CS|TAMS 0x0000000083600000| PB 0x0000000083600000| Complete 
|  55|0x0000000083700000, 0x0000000083800000, 0x0000000083800000|100%| E|CS|TAMS 0x0000000083700000| PB 0x0000000083700000| Complete 
|  56|0x0000000083800000, 0x0000000083900000, 0x0000000083900000|100%| E|CS|TAMS 0x0000000083800000| PB 0x0000000083800000| Complete 
|  94|0x0000000085e00000, 0x0000000085f00000, 0x0000000085f00000|100%| E|CS|TAMS 0x0000000085e00000| PB 0x0000000085e00000| Complete 
|  95|0x0000000085f00000, 0x0000000086000000, 0x0000000086000000|100%| E|CS|TAMS 0x0000000085f00000| PB 0x0000000085f00000| Complete 
|  96|0x0000000086000000, 0x0000000086100000, 0x0000000086100000|100%| E|CS|TAMS 0x0000000086000000| PB 0x0000000086000000| Complete 
|  97|0x0000000086100000, 0x0000000086200000, 0x0000000086200000|100%| E|CS|TAMS 0x0000000086100000| PB 0x0000000086100000| Complete 
|  98|0x0000000086200000, 0x0000000086300000, 0x0000000086300000|100%| E|CS|TAMS 0x0000000086200000| PB 0x0000000086200000| Complete 
|  99|0x0000000086300000, 0x0000000086400000, 0x0000000086400000|100%| E|CS|TAMS 0x0000000086300000| PB 0x0000000086300000| Complete 
| 100|0x0000000086400000, 0x0000000086500000, 0x0000000086500000|100%| E|CS|TAMS 0x0000000086400000| PB 0x0000000086400000| Complete 
| 101|0x0000000086500000, 0x0000000086600000, 0x0000000086600000|100%| E|CS|TAMS 0x0000000086500000| PB 0x0000000086500000| Complete 
| 126|0x0000000087e00000, 0x0000000087f00000, 0x0000000087f00000|100%| E|CS|TAMS 0x0000000087e00000| PB 0x0000000087e00000| Complete 
| 127|0x0000000087f00000, 0x0000000088000000, 0x0000000088000000|100%| E|CS|TAMS 0x0000000087f00000| PB 0x0000000087f00000| Complete 

Card table byte_map: [0x000002a155be0000,0x000002a155fe0000] _byte_map_base: 0x000002a1557e0000

Marking Bits: (CMBitMap*) 0x000002a1433b2f00
 Bits: [0x000002a155fe0000, 0x000002a157fe0000)

Polling page: 0x000002a1411b0000

Metaspace:

Usage:
  Non-class:     29.61 MB used.
      Class:      4.77 MB used.
       Both:     34.38 MB used.

Virtual space:
  Non-class space:       64.00 MB reserved,      30.00 MB ( 47%) committed,  1 nodes.
      Class space:        1.00 GB reserved,       5.12 MB ( <1%) committed,  1 nodes.
             Both:        1.06 GB reserved,      35.12 MB (  3%) committed. 

Chunk freelists:
   Non-Class:  1.81 MB
       Class:  10.92 MB
        Both:  12.73 MB

MaxMetaspaceSize: unlimited
CompressedClassSpaceSize: 1.00 GB
Initial GC threshold: 21.00 MB
Current GC threshold: 35.12 MB
CDS: off
 - commit_granule_bytes: 65536.
 - commit_granule_words: 8192.
 - virtual_space_node_default_size: 8388608.
 - enlarge_chunks_in_place: 1.
 - use_allocation_guard: 0.


Internal statistics:

num_allocs_failed_limit: 6.
num_arena_births: 1388.
num_arena_deaths: 0.
num_vsnodes_births: 2.
num_vsnodes_deaths: 0.
num_space_committed: 562.
num_space_uncommitted: 0.
num_chunks_returned_to_freelist: 6.
num_chunks_taken_from_freelist: 2500.
num_chunk_merges: 6.
num_chunk_splits: 1624.
num_chunks_enlarged: 1045.
num_inconsistent_stats: 0.

CodeHeap 'non-profiled nmethods': size=120000Kb used=1913Kb max_used=1913Kb free=118086Kb
 bounds [0x000002a14df80000, 0x000002a14e1f0000, 0x000002a1554b0000]
CodeHeap 'profiled nmethods': size=120000Kb used=6510Kb max_used=6510Kb free=113490Kb
 bounds [0x000002a1464b0000, 0x000002a146b10000, 0x000002a14d9e0000]
CodeHeap 'non-nmethods': size=5760Kb used=1479Kb max_used=1558Kb free=4280Kb
 bounds [0x000002a14d9e0000, 0x000002a14dc50000, 0x000002a14df80000]
CodeCache: size=245760Kb, used=9902Kb, max_used=9981Kb, free=235856Kb
 total_blobs=3898, nmethods=3319, adapters=483, full_count=0
Compilation: enabled, stopped_count=0, restarted_count=0

Compilation events (20 events):
Event: 10.017 Thread 0x000002a15ac01b00 nmethod 3310 0x000002a146b07f90 code [0x000002a146b08160, 0x000002a146b084f0]
Event: 10.017 Thread 0x000002a15ac01b00 3309       3       java.util.stream.AbstractPipeline::copyIntoWithCancel (46 bytes)
Event: 10.018 Thread 0x000002a15ac01b00 nmethod 3309 0x000002a146b08610 code [0x000002a146b08800, 0x000002a146b08cd8]
Event: 10.032 Thread 0x000002a15ac01b00 3311       1       org.gradle.internal.event.DefaultListenerManager::access$100 (5 bytes)
Event: 10.032 Thread 0x000002a15ac01b00 nmethod 3311 0x000002a14e15b890 code [0x000002a14e15ba20, 0x000002a14e15bad0]
Event: 10.052 Thread 0x000002a15ac01b00 3312       3       sun.nio.fs.WindowsPath::isEmpty (8 bytes)
Event: 10.052 Thread 0x000002a15ac01b00 nmethod 3312 0x000002a146b08e90 code [0x000002a146b09040, 0x000002a146b09218]
Event: 10.053 Thread 0x000002a15ac01060 3313   !   4       java.util.zip.ZipCoder$UTF8ZipCoder::compare (81 bytes)
Event: 10.054 Thread 0x000002a15ac01b00 3314       3       com.google.common.collect.ImmutableList::<init> (5 bytes)
Event: 10.055 Thread 0x000002a15ac01b00 nmethod 3314 0x000002a146b09310 code [0x000002a146b094c0, 0x000002a146b096e8]
Event: 10.063 Thread 0x000002a15ac01060 nmethod 3313 0x000002a14e15bb90 code [0x000002a14e15bd60, 0x000002a14e15c408]
Event: 10.081 Thread 0x000002a15ac01060 3315       4       java.util.zip.ZipFile::getZipEntry (322 bytes)
Event: 10.093 Thread 0x000002a15ac01b00 3316       3       com.google.common.collect.ImmutableList::asImmutableList (69 bytes)
Event: 10.094 Thread 0x000002a15ac01b00 nmethod 3316 0x000002a146b09810 code [0x000002a146b09aa0, 0x000002a146b0a5f0]
Event: 10.095 Thread 0x000002a15ac01b00 3318       3       java.util.TreeMap$PrivateEntryIterator::nextEntry (54 bytes)
Event: 10.095 Thread 0x000002a15ac01b00 nmethod 3318 0x000002a146b0aa10 code [0x000002a146b0ac00, 0x000002a146b0b028]
Event: 10.095 Thread 0x000002a15ac01b00 3319       3       java.util.TreeMap::successor (66 bytes)
Event: 10.096 Thread 0x000002a15ac01b00 nmethod 3319 0x000002a146b0b190 code [0x000002a146b0b360, 0x000002a146b0b690]
Event: 10.111 Thread 0x000002a15ac01060 nmethod 3315 0x000002a14e15cf90 code [0x000002a14e15d1a0, 0x000002a14e15dec0]
Event: 10.111 Thread 0x000002a15ac01060 3321       4       java.util.Collections$SetFromMap::add (22 bytes)

GC Heap History (13 events):
Event: 2.249 GC heap before
{Heap before GC invocations=0 (full 0):
 garbage-first heap   total 131072K, used 22528K [0x0000000080000000, 0x0000000100000000)
  region size 1024K, 23 young (23552K), 0 survivors (0K)
 Metaspace       used 8101K, committed 8256K, reserved 1114112K
  class space    used 746K, committed 832K, reserved 1048576K
}
Event: 2.255 GC heap after
{Heap after GC invocations=1 (full 0):
 garbage-first heap   total 131072K, used 2815K [0x0000000080000000, 0x0000000100000000)
  region size 1024K, 3 young (3072K), 3 survivors (3072K)
 Metaspace       used 8101K, committed 8256K, reserved 1114112K
  class space    used 746K, committed 832K, reserved 1048576K
}
Event: 3.775 GC heap before
{Heap before GC invocations=1 (full 0):
 garbage-first heap   total 131072K, used 39679K [0x0000000080000000, 0x0000000100000000)
  region size 1024K, 37 young (37888K), 3 survivors (3072K)
 Metaspace       used 12351K, committed 12608K, reserved 1114112K
  class space    used 1349K, committed 1472K, reserved 1048576K
}
Event: 3.785 GC heap after
{Heap after GC invocations=2 (full 0):
 garbage-first heap   total 131072K, used 11030K [0x0000000080000000, 0x0000000100000000)
  region size 1024K, 5 young (5120K), 5 survivors (5120K)
 Metaspace       used 12351K, committed 12608K, reserved 1114112K
  class space    used 1349K, committed 1472K, reserved 1048576K
}
Event: 5.119 GC heap before
{Heap before GC invocations=2 (full 0):
 garbage-first heap   total 131072K, used 59158K [0x0000000080000000, 0x0000000100000000)
  region size 1024K, 50 young (51200K), 5 survivors (5120K)
 Metaspace       used 13266K, committed 13504K, reserved 1114112K
  class space    used 1519K, committed 1600K, reserved 1048576K
}
Event: 5.131 GC heap after
{Heap after GC invocations=3 (full 0):
 garbage-first heap   total 131072K, used 16942K [0x0000000080000000, 0x0000000100000000)
  region size 1024K, 5 young (5120K), 5 survivors (5120K)
 Metaspace       used 13266K, committed 13504K, reserved 1114112K
  class space    used 1519K, committed 1600K, reserved 1048576K
}
Event: 6.763 GC heap before
{Heap before GC invocations=3 (full 0):
 garbage-first heap   total 131072K, used 41518K [0x0000000080000000, 0x0000000100000000)
  region size 1024K, 31 young (31744K), 5 survivors (5120K)
 Metaspace       used 21192K, committed 21504K, reserved 1114112K
  class space    used 2536K, committed 2688K, reserved 1048576K
}
Event: 6.772 GC heap after
{Heap after GC invocations=4 (full 0):
 garbage-first heap   total 131072K, used 20312K [0x0000000080000000, 0x0000000100000000)
  region size 1024K, 8 young (8192K), 8 survivors (8192K)
 Metaspace       used 21192K, committed 21504K, reserved 1114112K
  class space    used 2536K, committed 2688K, reserved 1048576K
}
Event: 8.100 GC heap before
{Heap before GC invocations=5 (full 0):
 garbage-first heap   total 68608K, used 52056K [0x0000000080000000, 0x0000000100000000)
  region size 1024K, 40 young (40960K), 8 survivors (8192K)
 Metaspace       used 26990K, committed 27520K, reserved 1114112K
  class space    used 3435K, committed 3648K, reserved 1048576K
}
Event: 8.109 GC heap after
{Heap after GC invocations=6 (full 0):
 garbage-first heap   total 68608K, used 22008K [0x0000000080000000, 0x0000000100000000)
  region size 1024K, 2 young (2048K), 2 survivors (2048K)
 Metaspace       used 26990K, committed 27520K, reserved 1114112K
  class space    used 3435K, committed 3648K, reserved 1048576K
}
Event: 9.308 GC heap before
{Heap before GC invocations=6 (full 0):
 garbage-first heap   total 68608K, used 54776K [0x0000000080000000, 0x0000000100000000)
  region size 1024K, 34 young (34816K), 2 survivors (2048K)
 Metaspace       used 31286K, committed 31808K, reserved 1114112K
  class space    used 4212K, committed 4480K, reserved 1048576K
}
Event: 9.313 GC heap after
{Heap after GC invocations=7 (full 0):
 garbage-first heap   total 68608K, used 24529K [0x0000000080000000, 0x0000000100000000)
  region size 1024K, 4 young (4096K), 4 survivors (4096K)
 Metaspace       used 31286K, committed 31808K, reserved 1114112K
  class space    used 4212K, committed 4480K, reserved 1048576K
}
Event: 10.126 GC heap before
{Heap before GC invocations=7 (full 0):
 garbage-first heap   total 68608K, used 50129K [0x0000000080000000, 0x0000000100000000)
  region size 1024K, 31 young (31744K), 4 survivors (4096K)
 Metaspace       used 35206K, committed 35968K, reserved 1114112K
  class space    used 4881K, committed 5248K, reserved 1048576K
}

Dll operation events (3 events):
Event: 0.073 Loaded shared library C:\Program Files\Android\Android Studio\jbr\bin\java.dll
Event: 0.091 Loaded shared library C:\Program Files\Android\Android Studio\jbr\bin\zip.dll
Event: 2.447 Loaded shared library C:\Program Files\Android\Android Studio\jbr\bin\verify.dll

Deoptimization events (20 events):
Event: 9.576 Thread 0x000002a15f2854c0 Uncommon trap: trap_request=0xffffffde fr.pc=0x000002a14df92568 relative=0x00000000000001c8
Event: 9.576 Thread 0x000002a15f2854c0 Uncommon trap: reason=class_check action=maybe_recompile pc=0x000002a14df92568 method=java.lang.String.equals(Ljava/lang/Object;)Z @ 8 c2
Event: 9.576 Thread 0x000002a15f2854c0 DEOPT PACKING pc=0x000002a14df92568 sp=0x000000d2beefa050
Event: 9.576 Thread 0x000002a15f2854c0 DEOPT UNPACKING pc=0x000002a14da346a2 sp=0x000000d2beef9fe8 mode 2
Event: 9.614 Thread 0x000002a15f2854c0 Uncommon trap: trap_request=0xffffff45 fr.pc=0x000002a14e0af894 relative=0x00000000000003b4
Event: 9.614 Thread 0x000002a15f2854c0 Uncommon trap: reason=unstable_if action=reinterpret pc=0x000002a14e0af894 method=jdk.internal.org.objectweb.asm.SymbolTable.addType(Ljava/lang/String;)I @ 33 c2
Event: 9.615 Thread 0x000002a15f2854c0 DEOPT PACKING pc=0x000002a14e0af894 sp=0x000000d2beef9d80
Event: 9.615 Thread 0x000002a15f2854c0 DEOPT UNPACKING pc=0x000002a14da346a2 sp=0x000000d2beef9d08 mode 2
Event: 9.863 Thread 0x000002a15f2854c0 Uncommon trap: trap_request=0xffffff45 fr.pc=0x000002a14e0d8d9c relative=0x0000000000000d5c
Event: 9.863 Thread 0x000002a15f2854c0 Uncommon trap: reason=unstable_if action=reinterpret pc=0x000002a14e0d8d9c method=jdk.internal.org.objectweb.asm.SymbolTable.addType(Ljava/lang/String;)I @ 33 c2
Event: 9.863 Thread 0x000002a15f2854c0 DEOPT PACKING pc=0x000002a14e0d8d9c sp=0x000000d2beefbb40
Event: 9.863 Thread 0x000002a15f2854c0 DEOPT UNPACKING pc=0x000002a14da346a2 sp=0x000000d2beefba78 mode 2
Event: 9.945 Thread 0x000002a15f2854c0 Uncommon trap: trap_request=0xffffff76 fr.pc=0x000002a14e136b20 relative=0x00000000000001e0
Event: 9.945 Thread 0x000002a15f2854c0 Uncommon trap: reason=predicate action=maybe_recompile pc=0x000002a14e136b20 method=com.google.common.base.CharMatcher.indexIn(Ljava/lang/CharSequence;I)I @ 19 c2
Event: 9.945 Thread 0x000002a15f2854c0 DEOPT PACKING pc=0x000002a14e136b20 sp=0x000000d2beefae50
Event: 9.945 Thread 0x000002a15f2854c0 DEOPT UNPACKING pc=0x000002a14da346a2 sp=0x000000d2beefade0 mode 2
Event: 10.051 Thread 0x000002a15f2854c0 Uncommon trap: trap_request=0xffffff45 fr.pc=0x000002a14e040654 relative=0x00000000000005b4
Event: 10.051 Thread 0x000002a15f2854c0 Uncommon trap: reason=unstable_if action=reinterpret pc=0x000002a14e040654 method=java.util.Properties$LineReader.readLine()I @ 95 c2
Event: 10.051 Thread 0x000002a15f2854c0 DEOPT PACKING pc=0x000002a14e040654 sp=0x000000d2beefb060
Event: 10.051 Thread 0x000002a15f2854c0 DEOPT UNPACKING pc=0x000002a14da346a2 sp=0x000000d2beefb010 mode 2

Classes loaded (20 events):
Event: 9.550 Loading class java/util/zip/DeflaterOutputStream done
Event: 9.550 Loading class java/util/zip/GZIPOutputStream done
Event: 9.550 Loading class java/util/zip/GZIPInputStream
Event: 9.551 Loading class java/util/zip/GZIPInputStream done
Event: 9.552 Loading class java/io/UnsupportedEncodingException
Event: 9.553 Loading class java/io/UnsupportedEncodingException done
Event: 9.619 Loading class java/util/Collections$SingletonMap
Event: 9.620 Loading class java/util/Collections$SingletonMap done
Event: 9.915 Loading class java/util/function/UnaryOperator
Event: 9.916 Loading class java/util/function/UnaryOperator done
Event: 9.936 Loading class java/util/concurrent/TimeoutException
Event: 9.936 Loading class java/util/concurrent/TimeoutException done
Event: 9.936 Loading class java/util/concurrent/CancellationException
Event: 9.936 Loading class java/util/concurrent/CancellationException done
Event: 9.993 Loading class java/util/concurrent/locks/AbstractQueuedSynchronizer$SharedNode
Event: 9.993 Loading class java/util/concurrent/locks/AbstractQueuedSynchronizer$SharedNode done
Event: 10.000 Loading class java/io/InterruptedIOException
Event: 10.000 Loading class java/io/InterruptedIOException done
Event: 10.012 Loading class java/util/ArrayDeque$DeqSpliterator
Event: 10.012 Loading class java/util/ArrayDeque$DeqSpliterator done

Classes unloaded (0 events):
No events

Classes redefined (0 events):
No events

Internal exceptions (20 events):
Event: 8.698 Thread 0x000002a15f2854c0 Exception <a 'java/lang/IncompatibleClassChangeError'{0x00000000835defb0}: Found class java.lang.Object, but interface was expected> (0x00000000835defb0) 
thrown [s\src\hotspot\share\interpreter\linkResolver.cpp, line 851]
Event: 8.705 Thread 0x000002a15f2854c0 Exception <a 'java/lang/NoSuchMethodError'{0x0000000083409bd0}: 'java.lang.Object java.lang.invoke.DirectMethodHandle$Holder.newInvokeSpecial(java.lang.Object, java.lang.Object, java.lang.Object, java.lang.Object, java.lang.Object, java.lang.Object, java.lang.Object, java.lang.Object, java.lang.Object, java.lang.Object)'> (0x0000000083409bd0) 
thrown [s\src\hotspot\share\interpreter\linkResolver.cpp, line 784]
Event: 8.928 Thread 0x000002a15f2854c0 Exception <a 'java/lang/NoSuchMethodError'{0x0000000082ea19d0}: 'void java.lang.invoke.DirectMethodHandle$Holder.invokeVirtual(java.lang.Object, java.lang.Object, java.lang.Object, java.lang.Object, java.lang.Object)'> (0x0000000082ea19d0) 
thrown [s\src\hotspot\share\interpreter\linkResolver.cpp, line 784]
Event: 9.139 Thread 0x000002a15f2854c0 Exception <a 'java/lang/NoSuchMethodError'{0x0000000082729810}: 'java.lang.Object java.lang.invoke.DirectMethodHandle$Holder.invokeVirtual(java.lang.Object, java.lang.Object, java.lang.Object, java.lang.Object, java.lang.Object, java.lang.Object, java.lang.Object, java.lang.Object, java.lang.Object, java.lang.Object, java.lang.Object, java.lang.Object, java.lang.Object, java.lang.Object, java.lang.Object, java.lang.Object, java.lang.Object, java.lang.Object, java.lang.Object, java.lang.Object, java.lang.Ob
Event: 9.277 Thread 0x000002a15f2854c0 Exception <a 'java/lang/NoSuchMethodError'{0x00000000824fe8f0}: 'java.lang.Object java.lang.invoke.DirectMethodHandle$Holder.newInvokeSpecial(java.lang.Object, java.lang.Object, java.lang.Object, java.lang.Object, java.lang.Object, java.lang.Object, java.lang.Object)'> (0x00000000824fe8f0) 
thrown [s\src\hotspot\share\interpreter\linkResolver.cpp, line 784]
Event: 9.339 Thread 0x000002a15f2854c0 Exception <a 'java/lang/NoSuchMethodError'{0x0000000087fe3100}: 'java.lang.Object java.lang.invoke.DirectMethodHandle$Holder.invokeVirtual(java.lang.Object, java.lang.Object, java.lang.Object, java.lang.Object, java.lang.Object, java.lang.Object, java.lang.Object, java.lang.Object, java.lang.Object, java.lang.Object, java.lang.Object)'> (0x0000000087fe3100) 
thrown [s\src\hotspot\share\interpreter\linkResolver.cpp, line 784]
Event: 9.637 Thread 0x000002a15f2854c0 Exception <a 'java/lang/NoSuchMethodError'{0x0000000085e526c8}: 'java.lang.Object java.lang.invoke.DirectMethodHandle$Holder.invokeSpecial(java.lang.Object, java.lang.Object, java.lang.Object, java.lang.Object, java.lang.Object, java.lang.Object, java.lang.Object, java.lang.Object, java.lang.Object, java.lang.Object, java.lang.Object, java.lang.Object, java.lang.Object, java.lang.Object, java.lang.Object, java.lang.Object, java.lang.Object, java.lang.Object, java.lang.Object, java.lang.Object, java.lang.Ob
Event: 9.637 Thread 0x000002a15f2854c0 Exception <a 'java/lang/NoSuchMethodError'{0x0000000085e580b0}: 'java.lang.Object java.lang.invoke.DelegatingMethodHandle$Holder.reinvoke_L(java.lang.Object, java.lang.Object, java.lang.Object, java.lang.Object, java.lang.Object, java.lang.Object, java.lang.Object, java.lang.Object, java.lang.Object, java.lang.Object, java.lang.Object, java.lang.Object, java.lang.Object, java.lang.Object, java.lang.Object, java.lang.Object, java.lang.Object, java.lang.Object, java.lang.Object, java.lang.Object, java.lang.O
Event: 9.638 Thread 0x000002a15f2854c0 Exception <a 'java/lang/NoSuchMethodError'{0x0000000085e63700}: 'java.lang.Object java.lang.invoke.DirectMethodHandle$Holder.invokeSpecial(java.lang.Object, java.lang.Object, java.lang.Object, java.lang.Object, java.lang.Object, java.lang.Object, java.lang.Object, java.lang.Object, java.lang.Object, java.lang.Object, java.lang.Object, java.lang.Object, java.lang.Object, java.lang.Object, java.lang.Object, java.lang.Object, java.lang.Object, java.lang.Object, java.lang.Object, java.lang.Object, java.lang.Ob
Event: 9.639 Thread 0x000002a15f2854c0 Exception <a 'java/lang/NoSuchMethodError'{0x0000000085e68f08}: 'java.lang.Object java.lang.invoke.Invokers$Holder.invoker(java.lang.Object, java.lang.Object, java.lang.Object, java.lang.Object, java.lang.Object, java.lang.Object, java.lang.Object, java.lang.Object, java.lang.Object, java.lang.Object, java.lang.Object, java.lang.Object, java.lang.Object, java.lang.Object, java.lang.Object, java.lang.Object, java.lang.Object, java.lang.Object, java.lang.Object, java.lang.Object, java.lang.Object, java.lang.
Event: 9.639 Thread 0x000002a15f2854c0 Exception <a 'java/lang/NoSuchMethodError'{0x0000000085e6f0f0}: 'java.lang.Object java.lang.invoke.DelegatingMethodHandle$Holder.delegate(java.lang.Object, java.lang.Object, java.lang.Object, java.lang.Object, java.lang.Object, java.lang.Object, java.lang.Object, java.lang.Object, java.lang.Object, java.lang.Object, java.lang.Object, java.lang.Object, java.lang.Object, java.lang.Object, java.lang.Object, java.lang.Object, java.lang.Object, java.lang.Object, java.lang.Object, java.lang.Object, java.lang.Obj
Event: 9.679 Thread 0x000002a15f2854c0 Exception <a 'java/lang/NoSuchMethodError'{0x00000000837a0ed8}: 'java.lang.Object java.lang.invoke.DirectMethodHandle$Holder.invokeStaticInit(java.lang.Object, java.lang.Object, java.lang.Object, java.lang.Object)'> (0x00000000837a0ed8) 
thrown [s\src\hotspot\share\interpreter\linkResolver.cpp, line 784]
Event: 9.720 Thread 0x000002a15f2854c0 Exception <a 'java/lang/NoSuchMethodError'{0x0000000083530420}: 'java.lang.Object java.lang.invoke.DirectMethodHandle$Holder.newInvokeSpecial(java.lang.Object, java.lang.Object, java.lang.Object, java.lang.Object, java.lang.Object, java.lang.Object, java.lang.Object, java.lang.Object)'> (0x0000000083530420) 
thrown [s\src\hotspot\share\interpreter\linkResolver.cpp, line 784]
Event: 9.729 Thread 0x000002a15f2854c0 Exception <a 'java/lang/NoSuchMethodError'{0x0000000083577100}: 'void java.lang.invoke.DirectMethodHandle$Holder.invokeStatic(java.lang.Object, java.lang.Object, java.lang.Object, java.lang.Object)'> (0x0000000083577100) 
thrown [s\src\hotspot\share\interpreter\linkResolver.cpp, line 784]
Event: 9.748 Thread 0x000002a15f2854c0 Exception <a 'java/lang/NoSuchMethodError'{0x0000000083404188}: 'java.lang.Object java.lang.invoke.DirectMethodHandle$Holder.invokeVirtual(java.lang.Object, java.lang.Object, java.lang.Object, java.lang.Object, java.lang.Object, java.lang.Object, java.lang.Object, java.lang.Object, java.lang.Object, java.lang.Object, java.lang.Object, java.lang.Object, java.lang.Object)'> (0x0000000083404188) 
thrown [s\src\hotspot\share\interpreter\linkResolver.cpp, line 784]
Event: 9.749 Thread 0x000002a15f2854c0 Exception <a 'java/lang/NoSuchMethodError'{0x00000000834093c0}: 'java.lang.Object java.lang.invoke.DirectMethodHandle$Holder.invokeSpecial(java.lang.Object, java.lang.Object, java.lang.Object, java.lang.Object, java.lang.Object, java.lang.Object, java.lang.Object, java.lang.Object, java.lang.Object, java.lang.Object, java.lang.Object, java.lang.Object, java.lang.Object, java.lang.Object)'> (0x00000000834093c0) 
thrown [s\src\hotspot\share\interpreter\linkResolver.cpp, line 784]
Event: 9.749 Thread 0x000002a15f2854c0 Exception <a 'java/lang/NoSuchMethodError'{0x000000008340e110}: 'java.lang.Object java.lang.invoke.DelegatingMethodHandle$Holder.reinvoke_L(java.lang.Object, java.lang.Object, java.lang.Object, java.lang.Object, java.lang.Object, java.lang.Object, java.lang.Object, java.lang.Object, java.lang.Object, java.lang.Object, java.lang.Object, java.lang.Object, java.lang.Object)'> (0x000000008340e110) 
thrown [s\src\hotspot\share\interpreter\linkResolver.cpp, line 784]
Event: 9.900 Thread 0x000002a15f2854c0 Exception <a 'java/lang/NoSuchMethodError'{0x0000000082f85968}: 'java.lang.Object java.lang.invoke.DirectMethodHandle$Holder.newInvokeSpecial(java.lang.Object, java.lang.Object, java.lang.Object, java.lang.Object, java.lang.Object, java.lang.Object, java.lang.Object, java.lang.Object, java.lang.Object)'> (0x0000000082f85968) 
thrown [s\src\hotspot\share\interpreter\linkResolver.cpp, line 784]
Event: 10.094 Thread 0x000002a15f2854c0 Exception <a 'java/lang/NoSuchMethodError'{0x00000000829253c0}: 'void java.lang.invoke.DirectMethodHandle$Holder.invokeInterface(java.lang.Object, java.lang.Object, java.lang.Object, java.lang.Object, java.lang.Object)'> (0x00000000829253c0) 
thrown [s\src\hotspot\share\interpreter\linkResolver.cpp, line 784]
Event: 10.101 Thread 0x000002a15f2854c0 Exception <a 'java/lang/NoSuchMethodError'{0x0000000082963848}: 'void java.lang.invoke.DirectMethodHandle$Holder.invokeStatic(java.lang.Object, java.lang.Object, java.lang.Object, java.lang.Object, java.lang.Object, java.lang.Object)'> (0x0000000082963848) 
thrown [s\src\hotspot\share\interpreter\linkResolver.cpp, line 784]

ZGC Phase Switch (0 events):
No events

VM Operations (20 events):
Event: 6.772 Executing VM operation: CollectForMetadataAllocation (Metadata GC Threshold) done
Event: 6.786 Executing VM operation: G1PauseRemark
Event: 6.788 Executing VM operation: G1PauseRemark done
Event: 6.791 Executing VM operation: G1PauseCleanup
Event: 6.795 Executing VM operation: G1PauseCleanup done
Event: 7.649 Executing VM operation: HandshakeAllThreads (Deoptimize)
Event: 7.649 Executing VM operation: HandshakeAllThreads (Deoptimize) done
Event: 8.100 Executing VM operation: G1CollectForAllocation (G1 Evacuation Pause)
Event: 8.109 Executing VM operation: G1CollectForAllocation (G1 Evacuation Pause) done
Event: 8.141 Executing VM operation: HandshakeAllThreads (Deoptimize)
Event: 8.141 Executing VM operation: HandshakeAllThreads (Deoptimize) done
Event: 8.149 Executing VM operation: HandshakeAllThreads (Deoptimize)
Event: 8.149 Executing VM operation: HandshakeAllThreads (Deoptimize) done
Event: 9.152 Executing VM operation: Cleanup
Event: 9.152 Executing VM operation: Cleanup done
Event: 9.308 Executing VM operation: G1CollectForAllocation (G1 Evacuation Pause)
Event: 9.313 Executing VM operation: G1CollectForAllocation (G1 Evacuation Pause) done
Event: 10.055 Executing VM operation: HandshakeAllThreads (Deoptimize)
Event: 10.055 Executing VM operation: HandshakeAllThreads (Deoptimize) done
Event: 10.126 Executing VM operation: CollectForMetadataAllocation (Metadata GC Threshold)

Memory protections (0 events):
No events

Nmethod flushes (0 events):
No events

Events (20 events):
Event: 5.439 Loaded shared library C:\Program Files\Android\Android Studio\jbr\bin\management_ext.dll
Event: 5.521 Thread 0x000002a14335acf0 Thread added: 0x000002a160979c70
Event: 5.787 Loaded shared library C:\Program Files\Android\Android Studio\jbr\bin\extnet.dll
Event: 6.244 Thread 0x000002a14335acf0 Thread added: 0x000002a160a1a7c0
Event: 6.399 Thread 0x000002a14335acf0 Thread added: 0x000002a160a19ca0
Event: 6.500 Thread 0x000002a160a1a7c0 Thread added: 0x000002a15fc996a0
Event: 6.508 Thread 0x000002a15fc996a0 Thread added: 0x000002a15f348ed0
Event: 6.601 Thread 0x000002a15fc996a0 Thread added: 0x000002a15f130770
Event: 6.614 Thread 0x000002a15fc996a0 Thread added: 0x000002a15f2854c0
Event: 6.633 Thread 0x000002a15f2854c0 Thread added: 0x000002a15f2861e0
Event: 6.642 Thread 0x000002a15f2854c0 Thread added: 0x000002a15f2847a0
Event: 6.647 Thread 0x000002a15f2854c0 Thread added: 0x000002a15f286870
Event: 7.653 Thread 0x000002a15f2854c0 Thread added: 0x000002a15f284e30
Event: 7.676 Thread 0x000002a15f2854c0 Thread added: 0x000002a15f286f00
Event: 7.727 Thread 0x000002a15f2854c0 Thread added: 0x000002a15f287590
Event: 8.024 Thread 0x000002a15ac01b00 Thread added: 0x000002a161798920
Event: 9.603 Thread 0x000002a15f2854c0 Thread added: 0x000002a15f287c20
Event: 9.627 Thread 0x000002a15f2854c0 Thread added: 0x000002a163522b50
Event: 9.993 Thread 0x000002a15f2854c0 Thread added: 0x000002a163521e30
Event: 10.002 Thread 0x000002a15f2854c0 Thread added: 0x000002a163526660


Dynamic libraries:
0x00007ff7459a0000 - 0x00007ff7459aa000 	C:\Program Files\Android\Android Studio\jbr\bin\java.exe
0x00007ffa61bf0000 - 0x00007ffa61e08000 	C:\WINDOWS\SYSTEM32\ntdll.dll
0x00007ffa61330000 - 0x00007ffa613f4000 	C:\WINDOWS\System32\KERNEL32.DLL
0x00007ffa5efc0000 - 0x00007ffa5f393000 	C:\WINDOWS\System32\KERNELBASE.dll
0x00007ffa5f420000 - 0x00007ffa5f531000 	C:\WINDOWS\System32\ucrtbase.dll
0x00007ffa42ab0000 - 0x00007ffa42acb000 	C:\Program Files\Android\Android Studio\jbr\bin\VCRUNTIME140.dll
0x00007ffa58f80000 - 0x00007ffa58f98000 	C:\Program Files\Android\Android Studio\jbr\bin\jli.dll
0x00007ffa618d0000 - 0x00007ffa61a82000 	C:\WINDOWS\System32\USER32.dll
0x00007ffa5ee70000 - 0x00007ffa5ee96000 	C:\WINDOWS\System32\win32u.dll
0x00007ffa60a70000 - 0x00007ffa60a99000 	C:\WINDOWS\System32\GDI32.dll
0x00007ffa5eea0000 - 0x00007ffa5efbb000 	C:\WINDOWS\System32\gdi32full.dll
0x00007ffa5f540000 - 0x00007ffa5f5da000 	C:\WINDOWS\System32\msvcp_win.dll
0x00007ffa482c0000 - 0x00007ffa4855c000 	C:\WINDOWS\WinSxS\amd64_microsoft.windows.common-controls_6595b64144ccf1df_6.0.22621.6060_none_2712eda17382d24b\COMCTL32.dll
0x00007ffa606a0000 - 0x00007ffa60747000 	C:\WINDOWS\System32\msvcrt.dll
0x00007ffa5fab0000 - 0x00007ffa5fae1000 	C:\WINDOWS\System32\IMM32.DLL
0x00007ffa45130000 - 0x00007ffa4513c000 	C:\Program Files\Android\Android Studio\jbr\bin\vcruntime140_1.dll
0x00007ffa0ecd0000 - 0x00007ffa0ed5d000 	C:\Program Files\Android\Android Studio\jbr\bin\msvcp140.dll
0x00007ff9bbc80000 - 0x00007ff9bc916000 	C:\Program Files\Android\Android Studio\jbr\bin\server\jvm.dll
0x00007ffa5f9e0000 - 0x00007ffa5fa91000 	C:\WINDOWS\System32\ADVAPI32.dll
0x00007ffa610d0000 - 0x00007ffa61178000 	C:\WINDOWS\System32\sechost.dll
0x00007ffa5f7e0000 - 0x00007ffa5f808000 	C:\WINDOWS\System32\bcrypt.dll
0x00007ffa60e50000 - 0x00007ffa60f68000 	C:\WINDOWS\System32\RPCRT4.dll
0x00007ffa5f960000 - 0x00007ffa5f9d1000 	C:\WINDOWS\System32\WS2_32.dll
0x00007ffa58ea0000 - 0x00007ffa58ed4000 	C:\WINDOWS\SYSTEM32\WINMM.dll
0x00007ffa58e70000 - 0x00007ffa58e7a000 	C:\WINDOWS\SYSTEM32\VERSION.dll
0x00007ffa5ebd0000 - 0x00007ffa5ec1d000 	C:\WINDOWS\SYSTEM32\POWRPROF.dll
0x00007ffa5ebb0000 - 0x00007ffa5ebc3000 	C:\WINDOWS\SYSTEM32\UMPDC.dll
0x00007ffa5dca0000 - 0x00007ffa5dcb8000 	C:\WINDOWS\SYSTEM32\kernel.appcore.dll
0x00007ffa450c0000 - 0x00007ffa450ca000 	C:\Program Files\Android\Android Studio\jbr\bin\jimage.dll
0x00007ffa485c0000 - 0x00007ffa487f3000 	C:\WINDOWS\SYSTEM32\DBGHELP.DLL
0x00007ffa60ab0000 - 0x00007ffa60e41000 	C:\WINDOWS\System32\combase.dll
0x00007ffa605c0000 - 0x00007ffa60698000 	C:\WINDOWS\System32\OLEAUT32.dll
0x00007ffa46b50000 - 0x00007ffa46b82000 	C:\WINDOWS\SYSTEM32\dbgcore.DLL
0x00007ffa5f810000 - 0x00007ffa5f88b000 	C:\WINDOWS\System32\bcryptPrimitives.dll
0x00007ffa2cdb0000 - 0x00007ffa2cdbe000 	C:\Program Files\Android\Android Studio\jbr\bin\instrument.dll
0x00007ffa42470000 - 0x00007ffa42490000 	C:\Program Files\Android\Android Studio\jbr\bin\java.dll
0x00007ffa40600000 - 0x00007ffa40618000 	C:\Program Files\Android\Android Studio\jbr\bin\zip.dll
0x00007ffa5fc90000 - 0x00007ffa6052c000 	C:\WINDOWS\System32\SHELL32.dll
0x00007ffa5f6a0000 - 0x00007ffa5f7df000 	C:\WINDOWS\System32\wintypes.dll
0x00007ffa5cbb0000 - 0x00007ffa5d4ca000 	C:\WINDOWS\SYSTEM32\windows.storage.dll
0x00007ffa60750000 - 0x00007ffa60854000 	C:\WINDOWS\System32\SHCORE.dll
0x00007ffa5f8f0000 - 0x00007ffa5f959000 	C:\WINDOWS\System32\shlwapi.dll
0x00007ffa5ec30000 - 0x00007ffa5ec55000 	C:\WINDOWS\SYSTEM32\profapi.dll
0x00007ffa42aa0000 - 0x00007ffa42ab0000 	C:\Program Files\Android\Android Studio\jbr\bin\net.dll
0x00007ffa58af0000 - 0x00007ffa58c1c000 	C:\WINDOWS\SYSTEM32\WINHTTP.dll
0x00007ffa5e160000 - 0x00007ffa5e1c9000 	C:\WINDOWS\system32\mswsock.dll
0x00007ffa3fec0000 - 0x00007ffa3fed6000 	C:\Program Files\Android\Android Studio\jbr\bin\nio.dll
0x00007ffa405c0000 - 0x00007ffa405d0000 	C:\Program Files\Android\Android Studio\jbr\bin\verify.dll
0x00007ffa2fec0000 - 0x00007ffa2fee7000 	C:\Users\dell\.gradle\native\1def1411415f61bf3af743bc5b6707747c0891f09f0c88961ee8f79bc544acac\windows-amd64\native-platform.dll
0x00007ffa0e9d0000 - 0x00007ffa0ea48000 	C:\Users\dell\.gradle\native\0.2.7\x86_64-windows-gnu\gradle-fileevents.dll
0x00007ffa42460000 - 0x00007ffa42469000 	C:\Program Files\Android\Android Studio\jbr\bin\management.dll
0x00007ffa41e10000 - 0x00007ffa41e1b000 	C:\Program Files\Android\Android Studio\jbr\bin\management_ext.dll
0x00007ffa61400000 - 0x00007ffa61408000 	C:\WINDOWS\System32\PSAPI.DLL
0x00007ffa5d730000 - 0x00007ffa5d75d000 	C:\WINDOWS\SYSTEM32\IPHLPAPI.DLL
0x00007ffa5fc00000 - 0x00007ffa5fc09000 	C:\WINDOWS\System32\NSI.dll
0x00007ffa42960000 - 0x00007ffa42969000 	C:\Program Files\Android\Android Studio\jbr\bin\extnet.dll
0x00007ffa5e4b0000 - 0x00007ffa5e4cb000 	C:\WINDOWS\SYSTEM32\CRYPTSP.dll
0x00007ffa5dc00000 - 0x00007ffa5dc37000 	C:\WINDOWS\system32\rsaenh.dll
0x00007ffa5e200000 - 0x00007ffa5e228000 	C:\WINDOWS\SYSTEM32\USERENV.dll
0x00007ffa5e490000 - 0x00007ffa5e49c000 	C:\WINDOWS\SYSTEM32\CRYPTBASE.dll
0x00007ff9ddeb0000 - 0x00007ff9ddeb8000 	C:\WINDOWS\system32\wshunix.dll

JVMTI agents:
C:\Users\dell\.gradle\wrapper\dists\gradle-8.13-bin\5xuhj0ry160q40clulazy9h7d\gradle-8.13\lib\agents\gradle-instrumentation-agent-8.13.jar path:C:\Program Files\Android\Android Studio\jbr\bin\instrument.dll, loaded, initialized, instrumentlib options:none

dbghelp: loaded successfully - version: 4.0.5 - missing functions: none
symbol engine: initialized successfully - sym options: 0x614 - pdb path: .;C:\Program Files\Android\Android Studio\jbr\bin;C:\WINDOWS\SYSTEM32;C:\WINDOWS\WinSxS\amd64_microsoft.windows.common-controls_6595b64144ccf1df_6.0.22621.6060_none_2712eda17382d24b;C:\Program Files\Android\Android Studio\jbr\bin\server;C:\Users\dell\.gradle\native\1def1411415f61bf3af743bc5b6707747c0891f09f0c88961ee8f79bc544acac\windows-amd64;C:\Users\dell\.gradle\native\0.2.7\x86_64-windows-gnu

VM Arguments:
jvm_args: --add-opens=java.base/java.lang=ALL-UNNAMED --add-opens=java.base/java.lang.invoke=ALL-UNNAMED --add-opens=java.base/java.util=ALL-UNNAMED --add-opens=java.prefs/java.util.prefs=ALL-UNNAMED --add-exports=jdk.compiler/com.sun.tools.javac.api=ALL-UNNAMED --add-exports=jdk.compiler/com.sun.tools.javac.util=ALL-UNNAMED --add-opens=java.base/java.util=ALL-UNNAMED --add-opens=java.prefs/java.util.prefs=ALL-UNNAMED --add-opens=java.base/java.nio.charset=ALL-UNNAMED --add-opens=java.base/java.net=ALL-UNNAMED --add-opens=java.base/java.util.concurrent.atomic=ALL-UNNAMED --add-opens=java.xml/javax.xml.namespace=ALL-UNNAMED -Xmx2048m -Dfile.encoding=UTF-8 -Duser.country=US -Duser.language=en -Duser.variant -javaagent:C:\Users\dell\.gradle\wrapper\dists\gradle-8.13-bin\5xuhj0ry160q40clulazy9h7d\gradle-8.13\lib\agents\gradle-instrumentation-agent-8.13.jar 
java_command: org.gradle.launcher.daemon.bootstrap.GradleDaemon 8.13
java_class_path (initial): C:\Users\dell\.gradle\wrapper\dists\gradle-8.13-bin\5xuhj0ry160q40clulazy9h7d\gradle-8.13\lib\gradle-daemon-main-8.13.jar
Launcher Type: SUN_STANDARD

[Global flags]
     intx CICompilerCount                          = 4                                         {product} {ergonomic}
     uint ConcGCThreads                            = 2                                         {product} {ergonomic}
     uint G1ConcRefinementThreads                  = 8                                         {product} {ergonomic}
   size_t G1HeapRegionSize                         = 1048576                                   {product} {ergonomic}
    uintx GCDrainStackTargetSize                   = 64                                        {product} {ergonomic}
   size_t InitialHeapSize                          = 134217728                                 {product} {ergonomic}
   size_t MarkStackSize                            = 4194304                                   {product} {ergonomic}
   size_t MaxHeapSize                              = 2147483648                                {product} {command line}
   size_t MaxNewSize                               = 1287651328                                {product} {ergonomic}
   size_t MinHeapDeltaBytes                        = 1048576                                   {product} {ergonomic}
   size_t MinHeapSize                              = 8388608                                   {product} {ergonomic}
    uintx NonNMethodCodeHeapSize                   = 5839372                                {pd product} {ergonomic}
    uintx NonProfiledCodeHeapSize                  = 122909434                              {pd product} {ergonomic}
    uintx ProfiledCodeHeapSize                     = 122909434                              {pd product} {ergonomic}
    uintx ReservedCodeCacheSize                    = 251658240                              {pd product} {ergonomic}
     bool SegmentedCodeCache                       = true                                      {product} {ergonomic}
   size_t SoftMaxHeapSize                          = 2147483648                             {manageable} {ergonomic}
     bool UseCompressedOops                        = true                           {product lp64_product} {ergonomic}
     bool UseG1GC                                  = true                                      {product} {ergonomic}
     bool UseLargePagesIndividualAllocation        = false                                  {pd product} {ergonomic}

Logging:
Log output configuration:
 #0: stdout all=warning uptime,level,tags foldmultilines=false
 #1: stderr all=off uptime,level,tags foldmultilines=false

Environment Variables:
PATH=C:\Program Files\Common Files\Oracle\Java\javapath;C:\WINDOWS\system32;C:\WINDOWS;C:\WINDOWS\System32\Wbem;C:\WINDOWS\System32\WindowsPowerShell\v1.0\;C:\WINDOWS\System32\OpenSSH\;C:\Program Files\Docker\Docker\resources\bin;C:\Program Files\Git\cmd;C:\Users\dell\AppData\Local\Programs\Python\Python38\python.exe;C:\Users\dell\AppData\Local\Programs\Python\Python38\lib\site-packages (21.1.1);C:\Program Files\nodejs\;C:\Program Files\MySQL\MySQL Shell 8.0\bin\;C:\Users\dell\AppData\Local\Programs\Python\Python313\Scripts\;C:\Users\dell\AppData\Local\Programs\Python\Python313\;C:\Users\dell\AppData\Local\Microsoft\WindowsApps;C:\Users\dell\AppData\Local\Programs\Microsoft VS Code\bin;C:\Program Files\PostgreSQL\17\bin;C:\Users\dell\AppData\Roaming\npm
USERNAME=dell
OS=Windows_NT
PROCESSOR_IDENTIFIER=Intel64 Family 6 Model 142 Stepping 10, GenuineIntel
TMP=C:\Users\dell\AppData\Local\Temp
TEMP=C:\Users\dell\AppData\Local\Temp




Periodic native trim disabled

JNI global refs:
JNI global refs: 24, weak refs: 0

JNI global refs memory usage: 835, weak refs: 833

Process memory usage:
Resident Set Size: 203556K (2% of 8262884K total physical memory with 462120K free physical memory)

OOME stack traces (most recent first):
Classloader memory used:
Loader bootstrap                                                                       : 17313K
Loader org.gradle.internal.classloader.VisitableURLClassLoader                         : 15363K
Loader org.gradle.initialization.MixInLegacyTypesClassLoader                           : 2177K
Loader jdk.internal.loader.ClassLoaders$AppClassLoader                                 : 235K
Loader jdk.internal.loader.ClassLoaders$PlatformClassLoader                            : 115K

Classes loaded by more than one classloader:
Class org.gradle.internal.classloader.FilteringClassLoader                            : loaded 2 times (x 105B)
Class org.gradle.internal.classloader.ClassLoaderHierarchy                            : loaded 2 times (x 70B)
Class org.gradle.api.internal.classpath.ManifestUtil                                  : loaded 2 times (x 71B)
Class org.gradle.internal.classloader.DefaultClassLoaderFactory                       : loaded 2 times (x 82B)
Class org.gradle.internal.classloader.ClassLoaderVisitor                              : loaded 2 times (x 76B)
Class org.gradle.api.internal.classpath.EffectiveClassPath                            : loaded 2 times (x 90B)
Class org.gradle.api.internal.DefaultClassPathProvider                                : loaded 2 times (x 76B)
Class [Lorg.gradle.api.internal.ClassPathProvider;                                    : loaded 2 times (x 69B)
Class org.gradle.api.internal.ClassPathProvider                                       : loaded 2 times (x 70B)
Class org.gradle.internal.service.UnknownServiceException                             : loaded 2 times (x 83B)
Class org.gradle.internal.classpath.TransformedClassPath                              : loaded 2 times (x 96B)
Class org.gradle.internal.classloader.InstrumentingClassLoader                        : loaded 2 times (x 70B)
Class org.gradle.internal.service.ServiceLocator                                      : loaded 2 times (x 70B)
Class org.gradle.internal.InternalTransformer                                         : loaded 2 times (x 70B)
Class org.gradle.internal.classloader.ClasspathUtil$1                                 : loaded 2 times (x 76B)
Class org.gradle.api.internal.classpath.DefaultModuleRegistry$DefaultModule           : loaded 2 times (x 86B)
Class org.gradle.api.internal.classpath.Module                                        : loaded 2 times (x 70B)
Class org.gradle.api.internal.classpath.UnknownModuleException                        : loaded 2 times (x 82B)
Class org.gradle.api.internal.DefaultClassPathRegistry                                : loaded 2 times (x 76B)
Class org.gradle.api.internal.ClassPathRegistry                                       : loaded 2 times (x 70B)
Class org.gradle.internal.classpath.DefaultClassPath$ImmutableUniqueList              : loaded 2 times (x 199B)
Class org.gradle.internal.classpath.ClassPath                                         : loaded 2 times (x 70B)
Class org.gradle.api.UncheckedIOException                                             : loaded 2 times (x 82B)
Class org.gradle.internal.installation.GradleInstallation$1                           : loaded 2 times (x 75B)
Class org.gradle.api.internal.classpath.ModuleRegistry                                : loaded 2 times (x 70B)
Class org.gradle.api.internal.classpath.DefaultModuleRegistry                         : loaded 2 times (x 86B)
Class org.gradle.internal.service.ServiceLookupException                              : loaded 2 times (x 82B)
Class org.gradle.internal.classloader.ClassLoaderFactory                              : loaded 2 times (x 70B)
Class org.gradle.internal.service.CachingServiceLocator                               : loaded 2 times (x 82B)
Class org.gradle.internal.classloader.ClasspathUtil                                   : loaded 2 times (x 71B)
Class org.gradle.api.specs.Spec                                                       : loaded 2 times (x 70B)
Class org.gradle.internal.classloader.VisitableURLClassLoader$InstrumentingVisitableURLClassLoader: loaded 2 times (x 123B)
Class org.gradle.internal.classloader.VisitableURLClassLoader$Spec                    : loaded 2 times (x 74B)
Class org.gradle.internal.classpath.DefaultClassPath                                  : loaded 2 times (x 90B)
Class org.gradle.internal.classloader.ClassLoaderSpec                                 : loaded 2 times (x 71B)
Class org.gradle.internal.classloader.VisitableURLClassLoader                         : loaded 2 times (x 117B)
Class org.gradle.internal.Cast                                                        : loaded 2 times (x 71B)
Class org.gradle.api.Action                                                           : loaded 2 times (x 70B)
Class org.gradle.internal.classpath.DefaultClassPath$ImmutableUniqueList$Builder      : loaded 2 times (x 75B)
Class org.gradle.api.GradleException                                                  : loaded 2 times (x 82B)
Class org.gradle.internal.IoActions                                                   : loaded 2 times (x 71B)
Class org.gradle.internal.classloader.SystemClassLoaderSpec                           : loaded 2 times (x 71B)
Class org.gradle.api.internal.classpath.GlobalCacheRootsProvider                      : loaded 2 times (x 70B)
Class org.gradle.internal.installation.CurrentGradleInstallationLocator               : loaded 2 times (x 71B)
Class org.gradle.internal.service.DefaultServiceLocator                               : loaded 2 times (x 83B)
Class org.gradle.internal.installation.CurrentGradleInstallation                      : loaded 2 times (x 73B)
Class org.gradle.util.internal.GUtil                                                  : loaded 2 times (x 71B)
Class org.gradle.internal.installation.GradleInstallation                             : loaded 2 times (x 75B)

---------------  S Y S T E M  ---------------

OS:
 Windows 11 , 64 bit Build 22621 (10.0.22621.5415)
OS uptime: 0 days 2:08 hours
Hyper-V role detected

CPU: total 8 (initial active 8) (4 cores per cpu, 2 threads per core) family 6 model 142 stepping 10 microcode 0xe0, cx8, cmov, fxsr, ht, mmx, 3dnowpref, sse, sse2, sse3, ssse3, sse4.1, sse4.2, popcnt, lzcnt, tsc, tscinvbit, avx, avx2, aes, erms, clmul, bmi1, bmi2, adx, fma, vzeroupper, clflush, clflushopt, hv, rdtscp, f16c
Processor Information for the first 8 processors :
  Max Mhz: 1800, Current Mhz: 1600, Mhz Limit: 1584

Memory: 4k page, system-wide physical 8069M (450M free)
TotalPageFile size 19391M (AvailPageFile size 3764M)
current process WorkingSet (physical memory assigned to process): 198M, peak: 200M
current process commit charge ("private bytes"): 240M, peak: 252M

vm_info: OpenJDK 64-Bit Server VM (21.0.8+-14018985-b1038.68) for windows-amd64 JRE (21.0.8+-14018985-b1038.68), built on 2025-08-29T19:56:34Z by "builder" with MS VC++ 16.10 / 16.11 (VS2019)

END.
